<?xml version="1.0" encoding="UTF-8"?>
<robot generator="Robot 4.1.2 (Python 3.8.10 on linux)" generated="20211202 20:07:56.855" rpa="false" schemaversion="2">
<suite id="s1" name="Saucedemo" source="/home/yurii/pycharmtest/saucedemo">
<suite id="s1-s1" name="loginPageTest" source="/home/yurii/pycharmtest/saucedemo/loginPageTest.robot">
<test id="s1-s1-t1" name="Valid Login">
<kw name="open browser to login page" library="loginPage" type="SETUP">
<kw name="Open Browser" library="SeleniumLibrary">
<arg>${LOGIN URL}</arg>
<arg>${BROWSER}</arg>
<doc>Opens a new browser instance to the optional ``url``.</doc>
<msg timestamp="20211202 20:07:56.944" level="INFO">Opening browser 'Chrome' to base url 'https://www.saucedemo.com/'.</msg>
<status status="PASS" starttime="20211202 20:07:56.944" endtime="20211202 20:07:58.009"/>
</kw>
<kw name="Title Should Be" library="SeleniumLibrary">
<arg>Swag Labs</arg>
<doc>Verifies that the current page title equals ``title``.</doc>
<msg timestamp="20211202 20:07:58.011" level="INFO">Page title is 'Swag Labs'.</msg>
<status status="PASS" starttime="20211202 20:07:58.010" endtime="20211202 20:07:58.011"/>
</kw>
<status status="PASS" starttime="20211202 20:07:56.944" endtime="20211202 20:07:58.012"/>
</kw>
<kw name="input username" library="loginPage">
<arg>${STANDART_USER}</arg>
<kw name="Input Text" library="SeleniumLibrary">
<arg>user-name</arg>
<arg>${USER_NAME}</arg>
<doc>Types the given ``text`` into the text field identified by ``locator``.</doc>
<msg timestamp="20211202 20:07:58.012" level="INFO">Typing text 'standard_user' into text field 'user-name'.</msg>
<status status="PASS" starttime="20211202 20:07:58.012" endtime="20211202 20:07:58.055"/>
</kw>
<status status="PASS" starttime="20211202 20:07:58.012" endtime="20211202 20:07:58.055"/>
</kw>
<kw name="input password" library="loginPage">
<arg>${PASSWORD}</arg>
<kw name="Input Text" library="SeleniumLibrary">
<arg>password</arg>
<arg>${USER_PASS}</arg>
<doc>Types the given ``text`` into the text field identified by ``locator``.</doc>
<msg timestamp="20211202 20:07:58.056" level="INFO">Typing text 'secret_sauce' into text field 'password'.</msg>
<status status="PASS" starttime="20211202 20:07:58.056" endtime="20211202 20:07:58.094"/>
</kw>
<status status="PASS" starttime="20211202 20:07:58.055" endtime="20211202 20:07:58.094"/>
</kw>
<kw name="Submit Credentials" library="loginPage">
<kw name="Click Button" library="SeleniumLibrary">
<arg>login-button</arg>
<doc>Clicks the button identified by ``locator``.</doc>
<msg timestamp="20211202 20:07:58.095" level="INFO">Clicking button 'login-button'.</msg>
<status status="PASS" starttime="20211202 20:07:58.094" endtime="20211202 20:07:58.137"/>
</kw>
<status status="PASS" starttime="20211202 20:07:58.094" endtime="20211202 20:07:58.137"/>
</kw>
<kw name="Welcome page should be open" library="loginPage">
<kw name="Title Should Be" library="SeleniumLibrary">
<arg>Swag Labs</arg>
<doc>Verifies that the current page title equals ``title``.</doc>
<msg timestamp="20211202 20:07:58.139" level="INFO">Page title is 'Swag Labs'.</msg>
<status status="PASS" starttime="20211202 20:07:58.137" endtime="20211202 20:07:58.139"/>
</kw>
<status status="PASS" starttime="20211202 20:07:58.137" endtime="20211202 20:07:58.139"/>
</kw>
<kw name="Close browser" library="loginPage" type="TEARDOWN">
<kw name="Close All Browsers" library="SeleniumLibrary">
<doc>Closes all open browsers and resets the browser cache.</doc>
<status status="PASS" starttime="20211202 20:07:58.139" endtime="20211202 20:07:58.194"/>
</kw>
<status status="PASS" starttime="20211202 20:07:58.139" endtime="20211202 20:07:58.194"/>
</kw>
<status status="PASS" starttime="20211202 20:07:56.943" endtime="20211202 20:07:58.194"/>
</test>
<test id="s1-s1-t2" name="User can't login with empty fields">
<kw name="open browser to login page" library="loginPage" type="SETUP">
<kw name="Open Browser" library="SeleniumLibrary">
<arg>${LOGIN URL}</arg>
<arg>${BROWSER}</arg>
<doc>Opens a new browser instance to the optional ``url``.</doc>
<msg timestamp="20211202 20:07:58.195" level="INFO">Opening browser 'Chrome' to base url 'https://www.saucedemo.com/'.</msg>
<status status="PASS" starttime="20211202 20:07:58.195" endtime="20211202 20:07:59.252"/>
</kw>
<kw name="Title Should Be" library="SeleniumLibrary">
<arg>Swag Labs</arg>
<doc>Verifies that the current page title equals ``title``.</doc>
<msg timestamp="20211202 20:07:59.253" level="INFO">Page title is 'Swag Labs'.</msg>
<status status="PASS" starttime="20211202 20:07:59.252" endtime="20211202 20:07:59.254"/>
</kw>
<status status="PASS" starttime="20211202 20:07:58.195" endtime="20211202 20:07:59.254"/>
</kw>
<kw name="Submit Credentials" library="loginPage">
<kw name="Click Button" library="SeleniumLibrary">
<arg>login-button</arg>
<doc>Clicks the button identified by ``locator``.</doc>
<msg timestamp="20211202 20:07:59.254" level="INFO">Clicking button 'login-button'.</msg>
<status status="PASS" starttime="20211202 20:07:59.254" endtime="20211202 20:07:59.282"/>
</kw>
<status status="PASS" starttime="20211202 20:07:59.254" endtime="20211202 20:07:59.282"/>
</kw>
<kw name="Error message should be displayed" library="loginPage">
<arg>${EMPTY USERNAME FIELD ERROR}</arg>
<kw name="Element Text Should Be" library="SeleniumLibrary">
<arg>${ERROR LABEL}</arg>
<arg>${ERROR TEXT}</arg>
<doc>Verifies that element ``locator`` contains exact the text ``expected``.</doc>
<msg timestamp="20211202 20:07:59.282" level="INFO">Verifying element 'css=h3[data-test="error"]' contains exact text 'Epic sadface: Username is required'.</msg>
<status status="PASS" starttime="20211202 20:07:59.282" endtime="20211202 20:07:59.292"/>
</kw>
<status status="PASS" starttime="20211202 20:07:59.282" endtime="20211202 20:07:59.292"/>
</kw>
<kw name="Close browser" library="loginPage" type="TEARDOWN">
<kw name="Close All Browsers" library="SeleniumLibrary">
<doc>Closes all open browsers and resets the browser cache.</doc>
<status status="PASS" starttime="20211202 20:07:59.292" endtime="20211202 20:07:59.346"/>
</kw>
<status status="PASS" starttime="20211202 20:07:59.292" endtime="20211202 20:07:59.346"/>
</kw>
<status status="PASS" starttime="20211202 20:07:58.194" endtime="20211202 20:07:59.346"/>
</test>
<test id="s1-s1-t3" name="User can't login with empty password field">
<kw name="open browser to login page" library="loginPage" type="SETUP">
<kw name="Open Browser" library="SeleniumLibrary">
<arg>${LOGIN URL}</arg>
<arg>${BROWSER}</arg>
<doc>Opens a new browser instance to the optional ``url``.</doc>
<msg timestamp="20211202 20:07:59.348" level="INFO">Opening browser 'Chrome' to base url 'https://www.saucedemo.com/'.</msg>
<status status="PASS" starttime="20211202 20:07:59.347" endtime="20211202 20:08:00.412"/>
</kw>
<kw name="Title Should Be" library="SeleniumLibrary">
<arg>Swag Labs</arg>
<doc>Verifies that the current page title equals ``title``.</doc>
<msg timestamp="20211202 20:08:00.414" level="INFO">Page title is 'Swag Labs'.</msg>
<status status="PASS" starttime="20211202 20:08:00.412" endtime="20211202 20:08:00.414"/>
</kw>
<status status="PASS" starttime="20211202 20:07:59.347" endtime="20211202 20:08:00.414"/>
</kw>
<kw name="input username" library="loginPage">
<arg>${STANDART_USER}</arg>
<kw name="Input Text" library="SeleniumLibrary">
<arg>user-name</arg>
<arg>${USER_NAME}</arg>
<doc>Types the given ``text`` into the text field identified by ``locator``.</doc>
<msg timestamp="20211202 20:08:00.415" level="INFO">Typing text 'standard_user' into text field 'user-name'.</msg>
<status status="PASS" starttime="20211202 20:08:00.415" endtime="20211202 20:08:00.458"/>
</kw>
<status status="PASS" starttime="20211202 20:08:00.415" endtime="20211202 20:08:00.458"/>
</kw>
<kw name="Submit Credentials" library="loginPage">
<kw name="Click Button" library="SeleniumLibrary">
<arg>login-button</arg>
<doc>Clicks the button identified by ``locator``.</doc>
<msg timestamp="20211202 20:08:00.458" level="INFO">Clicking button 'login-button'.</msg>
<status status="PASS" starttime="20211202 20:08:00.458" endtime="20211202 20:08:00.485"/>
</kw>
<status status="PASS" starttime="20211202 20:08:00.458" endtime="20211202 20:08:00.485"/>
</kw>
<kw name="Error message should be displayed" library="loginPage">
<arg>${EMPTY PASSWORD FIELD ERROR}</arg>
<kw name="Element Text Should Be" library="SeleniumLibrary">
<arg>${ERROR LABEL}</arg>
<arg>${ERROR TEXT}</arg>
<doc>Verifies that element ``locator`` contains exact the text ``expected``.</doc>
<msg timestamp="20211202 20:08:00.486" level="INFO">Verifying element 'css=h3[data-test="error"]' contains exact text 'Epic sadface: Password is required'.</msg>
<status status="PASS" starttime="20211202 20:08:00.485" endtime="20211202 20:08:00.496"/>
</kw>
<status status="PASS" starttime="20211202 20:08:00.485" endtime="20211202 20:08:00.496"/>
</kw>
<kw name="Close browser" library="loginPage" type="TEARDOWN">
<kw name="Close All Browsers" library="SeleniumLibrary">
<doc>Closes all open browsers and resets the browser cache.</doc>
<status status="PASS" starttime="20211202 20:08:00.497" endtime="20211202 20:08:00.551"/>
</kw>
<status status="PASS" starttime="20211202 20:08:00.497" endtime="20211202 20:08:00.551"/>
</kw>
<status status="PASS" starttime="20211202 20:07:59.347" endtime="20211202 20:08:00.551"/>
</test>
<test id="s1-s1-t4" name="User can't login with invalid user password data">
<kw name="open browser to login page" library="loginPage" type="SETUP">
<kw name="Open Browser" library="SeleniumLibrary">
<arg>${LOGIN URL}</arg>
<arg>${BROWSER}</arg>
<doc>Opens a new browser instance to the optional ``url``.</doc>
<msg timestamp="20211202 20:08:00.552" level="INFO">Opening browser 'Chrome' to base url 'https://www.saucedemo.com/'.</msg>
<status status="PASS" starttime="20211202 20:08:00.552" endtime="20211202 20:08:01.580"/>
</kw>
<kw name="Title Should Be" library="SeleniumLibrary">
<arg>Swag Labs</arg>
<doc>Verifies that the current page title equals ``title``.</doc>
<msg timestamp="20211202 20:08:01.582" level="INFO">Page title is 'Swag Labs'.</msg>
<status status="PASS" starttime="20211202 20:08:01.580" endtime="20211202 20:08:01.582"/>
</kw>
<status status="PASS" starttime="20211202 20:08:00.552" endtime="20211202 20:08:01.582"/>
</kw>
<kw name="input username" library="loginPage">
<arg>${STANDART_USER}</arg>
<kw name="Input Text" library="SeleniumLibrary">
<arg>user-name</arg>
<arg>${USER_NAME}</arg>
<doc>Types the given ``text`` into the text field identified by ``locator``.</doc>
<msg timestamp="20211202 20:08:01.583" level="INFO">Typing text 'standard_user' into text field 'user-name'.</msg>
<status status="PASS" starttime="20211202 20:08:01.583" endtime="20211202 20:08:01.625"/>
</kw>
<status status="PASS" starttime="20211202 20:08:01.583" endtime="20211202 20:08:01.625"/>
</kw>
<kw name="input password" library="loginPage">
<arg>${INVALID_PASWORD}</arg>
<kw name="Input Text" library="SeleniumLibrary">
<arg>password</arg>
<arg>${USER_PASS}</arg>
<doc>Types the given ``text`` into the text field identified by ``locator``.</doc>
<msg timestamp="20211202 20:08:01.626" level="INFO">Typing text 'invalid_sauce' into text field 'password'.</msg>
<status status="PASS" starttime="20211202 20:08:01.626" endtime="20211202 20:08:01.666"/>
</kw>
<status status="PASS" starttime="20211202 20:08:01.625" endtime="20211202 20:08:01.666"/>
</kw>
<kw name="Submit Credentials" library="loginPage">
<kw name="Click Button" library="SeleniumLibrary">
<arg>login-button</arg>
<doc>Clicks the button identified by ``locator``.</doc>
<msg timestamp="20211202 20:08:01.667" level="INFO">Clicking button 'login-button'.</msg>
<status status="PASS" starttime="20211202 20:08:01.667" endtime="20211202 20:08:01.692"/>
</kw>
<status status="PASS" starttime="20211202 20:08:01.666" endtime="20211202 20:08:01.692"/>
</kw>
<kw name="Error message should be displayed" library="loginPage">
<arg>${USERNAME PASSWORD MISMATCH ERROR}</arg>
<kw name="Element Text Should Be" library="SeleniumLibrary">
<arg>${ERROR LABEL}</arg>
<arg>${ERROR TEXT}</arg>
<doc>Verifies that element ``locator`` contains exact the text ``expected``.</doc>
<msg timestamp="20211202 20:08:01.693" level="INFO">Verifying element 'css=h3[data-test="error"]' contains exact text 'Epic sadface: Username and password do not match any user in this service'.</msg>
<status status="PASS" starttime="20211202 20:08:01.692" endtime="20211202 20:08:01.702"/>
</kw>
<status status="PASS" starttime="20211202 20:08:01.692" endtime="20211202 20:08:01.702"/>
</kw>
<kw name="Close browser" library="loginPage" type="TEARDOWN">
<kw name="Close All Browsers" library="SeleniumLibrary">
<doc>Closes all open browsers and resets the browser cache.</doc>
<status status="PASS" starttime="20211202 20:08:01.703" endtime="20211202 20:08:01.757"/>
</kw>
<status status="PASS" starttime="20211202 20:08:01.702" endtime="20211202 20:08:01.757"/>
</kw>
<status status="PASS" starttime="20211202 20:08:00.552" endtime="20211202 20:08:01.757"/>
</test>
<test id="s1-s1-t5" name="User can't login because He was blocked">
<kw name="open browser to login page" library="loginPage" type="SETUP">
<kw name="Open Browser" library="SeleniumLibrary">
<arg>${LOGIN URL}</arg>
<arg>${BROWSER}</arg>
<doc>Opens a new browser instance to the optional ``url``.</doc>
<msg timestamp="20211202 20:08:01.758" level="INFO">Opening browser 'Chrome' to base url 'https://www.saucedemo.com/'.</msg>
<status status="PASS" starttime="20211202 20:08:01.758" endtime="20211202 20:08:02.798"/>
</kw>
<kw name="Title Should Be" library="SeleniumLibrary">
<arg>Swag Labs</arg>
<doc>Verifies that the current page title equals ``title``.</doc>
<msg timestamp="20211202 20:08:02.800" level="INFO">Page title is 'Swag Labs'.</msg>
<status status="PASS" starttime="20211202 20:08:02.798" endtime="20211202 20:08:02.800"/>
</kw>
<status status="PASS" starttime="20211202 20:08:01.757" endtime="20211202 20:08:02.801"/>
</kw>
<kw name="input username" library="loginPage">
<arg>${locked_user}</arg>
<kw name="Input Text" library="SeleniumLibrary">
<arg>user-name</arg>
<arg>${USER_NAME}</arg>
<doc>Types the given ``text`` into the text field identified by ``locator``.</doc>
<msg timestamp="20211202 20:08:02.801" level="INFO">Typing text 'locked_out_user' into text field 'user-name'.</msg>
<status status="PASS" starttime="20211202 20:08:02.801" endtime="20211202 20:08:02.845"/>
</kw>
<status status="PASS" starttime="20211202 20:08:02.801" endtime="20211202 20:08:02.846"/>
</kw>
<kw name="input password" library="loginPage">
<arg>${password}</arg>
<kw name="Input Text" library="SeleniumLibrary">
<arg>password</arg>
<arg>${USER_PASS}</arg>
<doc>Types the given ``text`` into the text field identified by ``locator``.</doc>
<msg timestamp="20211202 20:08:02.846" level="INFO">Typing text 'secret_sauce' into text field 'password'.</msg>
<status status="PASS" starttime="20211202 20:08:02.846" endtime="20211202 20:08:02.887"/>
</kw>
<status status="PASS" starttime="20211202 20:08:02.846" endtime="20211202 20:08:02.887"/>
</kw>
<kw name="Submit Credentials" library="loginPage">
<kw name="Click Button" library="SeleniumLibrary">
<arg>login-button</arg>
<doc>Clicks the button identified by ``locator``.</doc>
<msg timestamp="20211202 20:08:02.887" level="INFO">Clicking button 'login-button'.</msg>
<status status="PASS" starttime="20211202 20:08:02.887" endtime="20211202 20:08:02.914"/>
</kw>
<status status="PASS" starttime="20211202 20:08:02.887" endtime="20211202 20:08:02.914"/>
</kw>
<kw name="Error message should be displayed" library="loginPage">
<arg>${locked_user_error}</arg>
<kw name="Element Text Should Be" library="SeleniumLibrary">
<arg>${ERROR LABEL}</arg>
<arg>${ERROR TEXT}</arg>
<doc>Verifies that element ``locator`` contains exact the text ``expected``.</doc>
<msg timestamp="20211202 20:08:02.914" level="INFO">Verifying element 'css=h3[data-test="error"]' contains exact text 'Epic sadface: Sorry, this user has been locked out.'.</msg>
<status status="PASS" starttime="20211202 20:08:02.914" endtime="20211202 20:08:02.924"/>
</kw>
<status status="PASS" starttime="20211202 20:08:02.914" endtime="20211202 20:08:02.924"/>
</kw>
<kw name="Close browser" library="loginPage" type="TEARDOWN">
<kw name="Close All Browsers" library="SeleniumLibrary">
<doc>Closes all open browsers and resets the browser cache.</doc>
<status status="PASS" starttime="20211202 20:08:02.924" endtime="20211202 20:08:02.979"/>
</kw>
<status status="PASS" starttime="20211202 20:08:02.924" endtime="20211202 20:08:02.979"/>
</kw>
<status status="PASS" starttime="20211202 20:08:01.757" endtime="20211202 20:08:02.979"/>
</test>
<test id="s1-s1-t6" name="User logged in with problems on the page">
<kw name="open browser to login page" library="loginPage" type="SETUP">
<kw name="Open Browser" library="SeleniumLibrary">
<arg>${LOGIN URL}</arg>
<arg>${BROWSER}</arg>
<doc>Opens a new browser instance to the optional ``url``.</doc>
<msg timestamp="20211202 20:08:02.980" level="INFO">Opening browser 'Chrome' to base url 'https://www.saucedemo.com/'.</msg>
<status status="PASS" starttime="20211202 20:08:02.980" endtime="20211202 20:08:04.034"/>
</kw>
<kw name="Title Should Be" library="SeleniumLibrary">
<arg>Swag Labs</arg>
<doc>Verifies that the current page title equals ``title``.</doc>
<msg timestamp="20211202 20:08:04.036" level="INFO">Page title is 'Swag Labs'.</msg>
<status status="PASS" starttime="20211202 20:08:04.034" endtime="20211202 20:08:04.036"/>
</kw>
<status status="PASS" starttime="20211202 20:08:02.980" endtime="20211202 20:08:04.037"/>
</kw>
<kw name="input username" library="loginPage">
<arg>${PROBLEM_USER}</arg>
<kw name="Input Text" library="SeleniumLibrary">
<arg>user-name</arg>
<arg>${USER_NAME}</arg>
<doc>Types the given ``text`` into the text field identified by ``locator``.</doc>
<msg timestamp="20211202 20:08:04.037" level="INFO">Typing text 'problem_user' into text field 'user-name'.</msg>
<status status="PASS" starttime="20211202 20:08:04.037" endtime="20211202 20:08:04.079"/>
</kw>
<status status="PASS" starttime="20211202 20:08:04.037" endtime="20211202 20:08:04.079"/>
</kw>
<kw name="input password" library="loginPage">
<arg>${PASSWORD}</arg>
<kw name="Input Text" library="SeleniumLibrary">
<arg>password</arg>
<arg>${USER_PASS}</arg>
<doc>Types the given ``text`` into the text field identified by ``locator``.</doc>
<msg timestamp="20211202 20:08:04.079" level="INFO">Typing text 'secret_sauce' into text field 'password'.</msg>
<status status="PASS" starttime="20211202 20:08:04.079" endtime="20211202 20:08:04.118"/>
</kw>
<status status="PASS" starttime="20211202 20:08:04.079" endtime="20211202 20:08:04.118"/>
</kw>
<kw name="Submit Credentials" library="loginPage">
<kw name="Click Button" library="SeleniumLibrary">
<arg>login-button</arg>
<doc>Clicks the button identified by ``locator``.</doc>
<msg timestamp="20211202 20:08:04.118" level="INFO">Clicking button 'login-button'.</msg>
<status status="PASS" starttime="20211202 20:08:04.118" endtime="20211202 20:08:04.164"/>
</kw>
<status status="PASS" starttime="20211202 20:08:04.118" endtime="20211202 20:08:04.164"/>
</kw>
<kw name="Page Should Contain Image" library="SeleniumLibrary">
<arg>${PROBLEM_USER_PICTURE}</arg>
<doc>Verifies image identified by ``locator`` is found from current page.</doc>
<msg timestamp="20211202 20:08:04.177" level="INFO">Current page contains image '//img[@src="/static/media/sl-404.168b1cce.jpg"]'.</msg>
<status status="PASS" starttime="20211202 20:08:04.164" endtime="20211202 20:08:04.177"/>
</kw>
<kw name="Close browser" library="loginPage" type="TEARDOWN">
<kw name="Close All Browsers" library="SeleniumLibrary">
<doc>Closes all open browsers and resets the browser cache.</doc>
<status status="PASS" starttime="20211202 20:08:04.177" endtime="20211202 20:08:04.233"/>
</kw>
<status status="PASS" starttime="20211202 20:08:04.177" endtime="20211202 20:08:04.233"/>
</kw>
<status status="PASS" starttime="20211202 20:08:02.980" endtime="20211202 20:08:04.233"/>
</test>
<test id="s1-s1-t7" name="User logged in with performance failure">
<kw name="open browser to login page" library="loginPage" type="SETUP">
<kw name="Open Browser" library="SeleniumLibrary">
<arg>${LOGIN URL}</arg>
<arg>${BROWSER}</arg>
<doc>Opens a new browser instance to the optional ``url``.</doc>
<msg timestamp="20211202 20:08:04.234" level="INFO">Opening browser 'Chrome' to base url 'https://www.saucedemo.com/'.</msg>
<status status="PASS" starttime="20211202 20:08:04.234" endtime="20211202 20:08:05.266"/>
</kw>
<kw name="Title Should Be" library="SeleniumLibrary">
<arg>Swag Labs</arg>
<doc>Verifies that the current page title equals ``title``.</doc>
<msg timestamp="20211202 20:08:05.268" level="INFO">Page title is 'Swag Labs'.</msg>
<status status="PASS" starttime="20211202 20:08:05.266" endtime="20211202 20:08:05.268"/>
</kw>
<status status="PASS" starttime="20211202 20:08:04.234" endtime="20211202 20:08:05.268"/>
</kw>
<kw name="input username" library="loginPage">
<arg>${PERFORMANCE_GLITCH_USER}</arg>
<kw name="Input Text" library="SeleniumLibrary">
<arg>user-name</arg>
<arg>${USER_NAME}</arg>
<doc>Types the given ``text`` into the text field identified by ``locator``.</doc>
<msg timestamp="20211202 20:08:05.269" level="INFO">Typing text 'performance_glitch_user' into text field 'user-name'.</msg>
<status status="PASS" starttime="20211202 20:08:05.269" endtime="20211202 20:08:05.318"/>
</kw>
<status status="PASS" starttime="20211202 20:08:05.268" endtime="20211202 20:08:05.319"/>
</kw>
<kw name="input password" library="loginPage">
<arg>${PASSWORD}</arg>
<kw name="Input Text" library="SeleniumLibrary">
<arg>password</arg>
<arg>${USER_PASS}</arg>
<doc>Types the given ``text`` into the text field identified by ``locator``.</doc>
<msg timestamp="20211202 20:08:05.319" level="INFO">Typing text 'secret_sauce' into text field 'password'.</msg>
<status status="PASS" starttime="20211202 20:08:05.319" endtime="20211202 20:08:05.358"/>
</kw>
<status status="PASS" starttime="20211202 20:08:05.319" endtime="20211202 20:08:05.358"/>
</kw>
<kw name="Submit Credentials" library="loginPage">
<kw name="Click Button" library="SeleniumLibrary">
<arg>login-button</arg>
<doc>Clicks the button identified by ``locator``.</doc>
<msg timestamp="20211202 20:08:05.358" level="INFO">Clicking button 'login-button'.</msg>
<status status="PASS" starttime="20211202 20:08:05.358" endtime="20211202 20:08:10.405"/>
</kw>
<status status="PASS" starttime="20211202 20:08:05.358" endtime="20211202 20:08:10.405"/>
</kw>
<kw name="Sleep" library="BuiltIn">
<arg>4</arg>
<doc>Pauses the test executed for the given time.</doc>
<msg timestamp="20211202 20:08:14.406" level="INFO">Slept 4 seconds</msg>
<status status="PASS" starttime="20211202 20:08:10.405" endtime="20211202 20:08:14.406"/>
</kw>
<kw name="Wait Until Page Does Not Contain" library="SeleniumLibrary">
<arg>PRODUCTS</arg>
<doc>Waits until ``text`` disappears from the current page.</doc>
<status status="PASS" starttime="20211202 20:08:14.406" endtime="20211202 20:08:14.411"/>
</kw>
<kw name="Close browser" library="loginPage" type="TEARDOWN">
<kw name="Close All Browsers" library="SeleniumLibrary">
<doc>Closes all open browsers and resets the browser cache.</doc>
<status status="PASS" starttime="20211202 20:08:14.412" endtime="20211202 20:08:14.468"/>
</kw>
<status status="PASS" starttime="20211202 20:08:14.411" endtime="20211202 20:08:14.468"/>
</kw>
<status status="PASS" starttime="20211202 20:08:04.233" endtime="20211202 20:08:14.468"/>
</test>
<doc>Simple example</doc>
<status status="PASS" starttime="20211202 20:07:56.866" endtime="20211202 20:08:14.469"/>
</suite>
<status status="PASS" starttime="20211202 20:07:56.856" endtime="20211202 20:08:14.470"/>
</suite>
<statistics>
<total>
<stat pass="7" fail="0" skip="0">All Tests</stat>
</total>
<tag>
</tag>
<suite>
<stat pass="7" fail="0" skip="0" id="s1" name="Saucedemo">Saucedemo</stat>
<stat pass="7" fail="0" skip="0" id="s1-s1" name="loginPageTest">Saucedemo.loginPageTest</stat>
</suite>
</statistics>
<errors>
</errors>
</robot>
