<?xml version="1.0" encoding="UTF-8"?>
<robot generator="Robot 4.1.2 (Python 3.8.10 on linux)" generated="20211227 19:42:18.099" rpa="false" schemaversion="2">
<suite id="s1" name="Saucedemo" source="/home/yurii/pycharmtest/saucedemo">
<suite id="s1-s1" name="loginPageTest" source="/home/yurii/pycharmtest/saucedemo/loginPageTest.robot">
<test id="s1-s1-t1" name="Test Twitter link">
<kw name="open browser to login page" library="loginPage" type="SETUP">
<kw name="Open Browser" library="SeleniumLibrary">
<arg>${LOGIN URL}</arg>
<arg>${BROWSER}</arg>
<doc>Opens a new browser instance to the optional ``url``.</doc>
<msg timestamp="20211227 19:42:18.182" level="INFO">Opening browser 'Chrome' to base url 'https://www.saucedemo.com/'.</msg>
<status status="PASS" starttime="20211227 19:42:18.182" endtime="20211227 19:42:19.229"/>
</kw>
<status status="PASS" starttime="20211227 19:42:18.181" endtime="20211227 19:42:19.229"/>
</kw>
<kw name="input username" library="loginPage">
<arg>${STANDART_USER}</arg>
<kw name="Input Text" library="SeleniumLibrary">
<arg>user-name</arg>
<arg>${USER_NAME}</arg>
<doc>Types the given ``text`` into the text field identified by ``locator``.</doc>
<msg timestamp="20211227 19:42:19.230" level="INFO">Typing text 'standard_user' into text field 'user-name'.</msg>
<status status="PASS" starttime="20211227 19:42:19.230" endtime="20211227 19:42:19.273"/>
</kw>
<status status="PASS" starttime="20211227 19:42:19.230" endtime="20211227 19:42:19.273"/>
</kw>
<kw name="input password" library="loginPage">
<arg>${PASSWORD}</arg>
<kw name="Input Text" library="SeleniumLibrary">
<arg>password</arg>
<arg>${USER_PASS}</arg>
<doc>Types the given ``text`` into the text field identified by ``locator``.</doc>
<msg timestamp="20211227 19:42:19.274" level="INFO">Typing text 'secret_sauce' into text field 'password'.</msg>
<status status="PASS" starttime="20211227 19:42:19.274" endtime="20211227 19:42:19.314"/>
</kw>
<status status="PASS" starttime="20211227 19:42:19.273" endtime="20211227 19:42:19.314"/>
</kw>
<kw name="Submit Credentials" library="loginPage">
<kw name="Click Button" library="SeleniumLibrary">
<arg>login-button</arg>
<doc>Clicks the button identified by ``locator``.</doc>
<msg timestamp="20211227 19:42:19.315" level="INFO">Clicking button 'login-button'.</msg>
<status status="PASS" starttime="20211227 19:42:19.315" endtime="20211227 19:42:19.359"/>
</kw>
<status status="PASS" starttime="20211227 19:42:19.314" endtime="20211227 19:42:19.359"/>
</kw>
<kw name="Welcome page should be open" library="loginPage">
<kw name="Title Should Be" library="SeleniumLibrary">
<arg>Swag Labs</arg>
<doc>Verifies that the current page title equals ``title``.</doc>
<msg timestamp="20211227 19:42:19.361" level="INFO">Page title is 'Swag Labs'.</msg>
<status status="PASS" starttime="20211227 19:42:19.359" endtime="20211227 19:42:19.361"/>
</kw>
<status status="PASS" starttime="20211227 19:42:19.359" endtime="20211227 19:42:19.361"/>
</kw>
<kw name="Click Twitter button" library="loginPage">
<kw name="Click Link" library="SeleniumLibrary">
<arg>${TWITTER_URL}</arg>
<doc>Clicks a link identified by ``locator``.</doc>
<msg timestamp="20211227 19:42:19.362" level="INFO">Clicking link 'https://twitter.com/saucelabs'.</msg>
<status status="PASS" starttime="20211227 19:42:19.361" endtime="20211227 19:42:19.386"/>
</kw>
<status status="PASS" starttime="20211227 19:42:19.361" endtime="20211227 19:42:19.386"/>
</kw>
<kw name="Page Should Contain Link" library="SeleniumLibrary">
<arg>${TWITTER_URL}</arg>
<doc>Verifies link identified by ``locator`` is found from current page.</doc>
<msg timestamp="20211227 19:42:19.391" level="INFO">Current page contains link 'https://twitter.com/saucelabs'.</msg>
<status status="PASS" starttime="20211227 19:42:19.386" endtime="20211227 19:42:19.391"/>
</kw>
<kw name="Close browser" library="loginPage" type="TEARDOWN">
<kw name="Close All Browsers" library="SeleniumLibrary">
<doc>Closes all open browsers and resets the browser cache.</doc>
<status status="PASS" starttime="20211227 19:42:19.391" endtime="20211227 19:42:19.447"/>
</kw>
<status status="PASS" starttime="20211227 19:42:19.391" endtime="20211227 19:42:19.447"/>
</kw>
<status status="PASS" starttime="20211227 19:42:18.181" endtime="20211227 19:42:19.447"/>
</test>
<test id="s1-s1-t2" name="Test Facebook link">
<kw name="open browser to login page" library="loginPage" type="SETUP">
<kw name="Open Browser" library="SeleniumLibrary">
<arg>${LOGIN URL}</arg>
<arg>${BROWSER}</arg>
<doc>Opens a new browser instance to the optional ``url``.</doc>
<msg timestamp="20211227 19:42:19.449" level="INFO">Opening browser 'Chrome' to base url 'https://www.saucedemo.com/'.</msg>
<status status="PASS" starttime="20211227 19:42:19.448" endtime="20211227 19:42:20.469"/>
</kw>
<status status="PASS" starttime="20211227 19:42:19.448" endtime="20211227 19:42:20.469"/>
</kw>
<kw name="input username" library="loginPage">
<arg>${STANDART_USER}</arg>
<kw name="Input Text" library="SeleniumLibrary">
<arg>user-name</arg>
<arg>${USER_NAME}</arg>
<doc>Types the given ``text`` into the text field identified by ``locator``.</doc>
<msg timestamp="20211227 19:42:20.470" level="INFO">Typing text 'standard_user' into text field 'user-name'.</msg>
<status status="PASS" starttime="20211227 19:42:20.469" endtime="20211227 19:42:20.515"/>
</kw>
<status status="PASS" starttime="20211227 19:42:20.469" endtime="20211227 19:42:20.515"/>
</kw>
<kw name="input password" library="loginPage">
<arg>${PASSWORD}</arg>
<kw name="Input Text" library="SeleniumLibrary">
<arg>password</arg>
<arg>${USER_PASS}</arg>
<doc>Types the given ``text`` into the text field identified by ``locator``.</doc>
<msg timestamp="20211227 19:42:20.516" level="INFO">Typing text 'secret_sauce' into text field 'password'.</msg>
<status status="PASS" starttime="20211227 19:42:20.516" endtime="20211227 19:42:20.555"/>
</kw>
<status status="PASS" starttime="20211227 19:42:20.515" endtime="20211227 19:42:20.555"/>
</kw>
<kw name="Submit Credentials" library="loginPage">
<kw name="Click Button" library="SeleniumLibrary">
<arg>login-button</arg>
<doc>Clicks the button identified by ``locator``.</doc>
<msg timestamp="20211227 19:42:20.556" level="INFO">Clicking button 'login-button'.</msg>
<status status="PASS" starttime="20211227 19:42:20.556" endtime="20211227 19:42:20.599"/>
</kw>
<status status="PASS" starttime="20211227 19:42:20.555" endtime="20211227 19:42:20.599"/>
</kw>
<kw name="Welcome page should be open" library="loginPage">
<kw name="Title Should Be" library="SeleniumLibrary">
<arg>Swag Labs</arg>
<doc>Verifies that the current page title equals ``title``.</doc>
<msg timestamp="20211227 19:42:20.602" level="INFO">Page title is 'Swag Labs'.</msg>
<status status="PASS" starttime="20211227 19:42:20.599" endtime="20211227 19:42:20.602"/>
</kw>
<status status="PASS" starttime="20211227 19:42:20.599" endtime="20211227 19:42:20.603"/>
</kw>
<kw name="Click Facebook button" library="loginPage">
<kw name="Click Link" library="SeleniumLibrary">
<arg>${FACEBOOK_URL}</arg>
<doc>Clicks a link identified by ``locator``.</doc>
<msg timestamp="20211227 19:42:20.603" level="INFO">Clicking link 'https://www.facebook.com/saucelabs'.</msg>
<status status="PASS" starttime="20211227 19:42:20.603" endtime="20211227 19:42:20.631"/>
</kw>
<status status="PASS" starttime="20211227 19:42:20.603" endtime="20211227 19:42:20.631"/>
</kw>
<kw name="Page Should Contain Link" library="SeleniumLibrary">
<arg>${FACEBOOK_URL}</arg>
<doc>Verifies link identified by ``locator`` is found from current page.</doc>
<msg timestamp="20211227 19:42:20.636" level="INFO">Current page contains link 'https://www.facebook.com/saucelabs'.</msg>
<status status="PASS" starttime="20211227 19:42:20.631" endtime="20211227 19:42:20.636"/>
</kw>
<kw name="Close browser" library="loginPage" type="TEARDOWN">
<kw name="Close All Browsers" library="SeleniumLibrary">
<doc>Closes all open browsers and resets the browser cache.</doc>
<status status="PASS" starttime="20211227 19:42:20.636" endtime="20211227 19:42:20.692"/>
</kw>
<status status="PASS" starttime="20211227 19:42:20.636" endtime="20211227 19:42:20.692"/>
</kw>
<status status="PASS" starttime="20211227 19:42:19.448" endtime="20211227 19:42:20.692"/>
</test>
<test id="s1-s1-t3" name="Test Linkedin link">
<kw name="open browser to login page" library="loginPage" type="SETUP">
<kw name="Open Browser" library="SeleniumLibrary">
<arg>${LOGIN URL}</arg>
<arg>${BROWSER}</arg>
<doc>Opens a new browser instance to the optional ``url``.</doc>
<msg timestamp="20211227 19:42:20.693" level="INFO">Opening browser 'Chrome' to base url 'https://www.saucedemo.com/'.</msg>
<status status="PASS" starttime="20211227 19:42:20.693" endtime="20211227 19:42:21.772"/>
</kw>
<status status="PASS" starttime="20211227 19:42:20.693" endtime="20211227 19:42:21.773"/>
</kw>
<kw name="input username" library="loginPage">
<arg>${STANDART_USER}</arg>
<kw name="Input Text" library="SeleniumLibrary">
<arg>user-name</arg>
<arg>${USER_NAME}</arg>
<doc>Types the given ``text`` into the text field identified by ``locator``.</doc>
<msg timestamp="20211227 19:42:21.773" level="INFO">Typing text 'standard_user' into text field 'user-name'.</msg>
<status status="PASS" starttime="20211227 19:42:21.773" endtime="20211227 19:42:21.818"/>
</kw>
<status status="PASS" starttime="20211227 19:42:21.773" endtime="20211227 19:42:21.818"/>
</kw>
<kw name="input password" library="loginPage">
<arg>${PASSWORD}</arg>
<kw name="Input Text" library="SeleniumLibrary">
<arg>password</arg>
<arg>${USER_PASS}</arg>
<doc>Types the given ``text`` into the text field identified by ``locator``.</doc>
<msg timestamp="20211227 19:42:21.818" level="INFO">Typing text 'secret_sauce' into text field 'password'.</msg>
<status status="PASS" starttime="20211227 19:42:21.818" endtime="20211227 19:42:21.859"/>
</kw>
<status status="PASS" starttime="20211227 19:42:21.818" endtime="20211227 19:42:21.859"/>
</kw>
<kw name="Submit Credentials" library="loginPage">
<kw name="Click Button" library="SeleniumLibrary">
<arg>login-button</arg>
<doc>Clicks the button identified by ``locator``.</doc>
<msg timestamp="20211227 19:42:21.859" level="INFO">Clicking button 'login-button'.</msg>
<status status="PASS" starttime="20211227 19:42:21.859" endtime="20211227 19:42:21.904"/>
</kw>
<status status="PASS" starttime="20211227 19:42:21.859" endtime="20211227 19:42:21.904"/>
</kw>
<kw name="Welcome page should be open" library="loginPage">
<kw name="Title Should Be" library="SeleniumLibrary">
<arg>Swag Labs</arg>
<doc>Verifies that the current page title equals ``title``.</doc>
<msg timestamp="20211227 19:42:21.906" level="INFO">Page title is 'Swag Labs'.</msg>
<status status="PASS" starttime="20211227 19:42:21.904" endtime="20211227 19:42:21.906"/>
</kw>
<status status="PASS" starttime="20211227 19:42:21.904" endtime="20211227 19:42:21.907"/>
</kw>
<kw name="Click Linkedin Button" library="loginPage">
<kw name="Click Link" library="SeleniumLibrary">
<arg>${LINKEDIN_URL}</arg>
<doc>Clicks a link identified by ``locator``.</doc>
<msg timestamp="20211227 19:42:21.907" level="INFO">Clicking link 'https://www.linkedin.com/company/sauce-labs/'.</msg>
<status status="PASS" starttime="20211227 19:42:21.907" endtime="20211227 19:42:21.934"/>
</kw>
<status status="PASS" starttime="20211227 19:42:21.907" endtime="20211227 19:42:21.934"/>
</kw>
<kw name="Page Should Contain Link" library="SeleniumLibrary">
<arg>${LINKEDIN_URL}</arg>
<doc>Verifies link identified by ``locator`` is found from current page.</doc>
<msg timestamp="20211227 19:42:21.939" level="INFO">Current page contains link 'https://www.linkedin.com/company/sauce-labs/'.</msg>
<status status="PASS" starttime="20211227 19:42:21.934" endtime="20211227 19:42:21.939"/>
</kw>
<kw name="Close browser" library="loginPage" type="TEARDOWN">
<kw name="Close All Browsers" library="SeleniumLibrary">
<doc>Closes all open browsers and resets the browser cache.</doc>
<status status="PASS" starttime="20211227 19:42:21.940" endtime="20211227 19:42:21.995"/>
</kw>
<status status="PASS" starttime="20211227 19:42:21.939" endtime="20211227 19:42:21.995"/>
</kw>
<status status="PASS" starttime="20211227 19:42:20.693" endtime="20211227 19:42:21.995"/>
</test>
<doc>Simple example</doc>
<status status="PASS" starttime="20211227 19:42:18.110" endtime="20211227 19:42:21.996"/>
</suite>
<status status="PASS" starttime="20211227 19:42:18.100" endtime="20211227 19:42:21.997"/>
</suite>
<statistics>
<total>
<stat pass="3" fail="0" skip="0">All Tests</stat>
</total>
<tag>
</tag>
<suite>
<stat pass="3" fail="0" skip="0" id="s1" name="Saucedemo">Saucedemo</stat>
<stat pass="3" fail="0" skip="0" id="s1-s1" name="loginPageTest">Saucedemo.loginPageTest</stat>
</suite>
</statistics>
<errors>
</errors>
</robot>
