<?xml version="1.0" encoding="UTF-8"?>
<robot generator="Robot 4.1.2 (Python 3.8.10 on linux)" generated="20211205 15:02:14.518" rpa="false" schemaversion="2">
<suite id="s1" name="Saucedemo" source="/home/olya/PycharmProjects/saucedemo">
<suite id="s1-s1" name="loginPageTest" source="/home/olya/PycharmProjects/saucedemo/loginPageTest.robot">
<test id="s1-s1-t1" name="Valid Login">
<kw name="open browser to login page" library="loginPage" type="SETUP">
<kw name="Open Browser" library="SeleniumLibrary">
<arg>${LOGIN URL}</arg>
<arg>${BROWSER}</arg>
<doc>Opens a new browser instance to the optional ``url``.</doc>
<msg timestamp="20211205 15:02:15.837" level="INFO">Opening browser 'Chrome' to base url 'https://www.saucedemo.com/'.</msg>
<status status="PASS" starttime="20211205 15:02:15.836" endtime="20211205 15:02:45.616"/>
</kw>
<kw name="Title Should Be" library="SeleniumLibrary">
<arg>Swag Labs</arg>
<doc>Verifies that the current page title equals ``title``.</doc>
<msg timestamp="20211205 15:02:46.221" level="INFO">Page title is 'Swag Labs'.</msg>
<status status="PASS" starttime="20211205 15:02:45.877" endtime="20211205 15:02:46.222"/>
</kw>
<status status="PASS" starttime="20211205 15:02:15.835" endtime="20211205 15:02:46.498"/>
</kw>
<kw name="input username" library="loginPage">
<arg>${STANDART_USER}</arg>
<kw name="Input Text" library="SeleniumLibrary">
<arg>user-name</arg>
<arg>${USER_NAME}</arg>
<doc>Types the given ``text`` into the text field identified by ``locator``.</doc>
<msg timestamp="20211205 15:02:46.500" level="INFO">Typing text 'standard_user' into text field 'user-name'.</msg>
<status status="PASS" starttime="20211205 15:02:46.499" endtime="20211205 15:02:47.338"/>
</kw>
<status status="PASS" starttime="20211205 15:02:46.498" endtime="20211205 15:02:47.338"/>
</kw>
<kw name="input password" library="loginPage">
<arg>${PASSWORD}</arg>
<kw name="Input Text" library="SeleniumLibrary">
<arg>password</arg>
<arg>${USER_PASS}</arg>
<doc>Types the given ``text`` into the text field identified by ``locator``.</doc>
<msg timestamp="20211205 15:02:47.340" level="INFO">Typing text 'secret_sauce' into text field 'password'.</msg>
<status status="PASS" starttime="20211205 15:02:47.339" endtime="20211205 15:02:47.608"/>
</kw>
<status status="PASS" starttime="20211205 15:02:47.338" endtime="20211205 15:02:47.608"/>
</kw>
<kw name="Submit Credentials" library="loginPage">
<kw name="Click Button" library="SeleniumLibrary">
<arg>login-button</arg>
<doc>Clicks the button identified by ``locator``.</doc>
<msg timestamp="20211205 15:02:47.610" level="INFO">Clicking button 'login-button'.</msg>
<status status="PASS" starttime="20211205 15:02:47.609" endtime="20211205 15:02:48.472"/>
</kw>
<status status="PASS" starttime="20211205 15:02:47.608" endtime="20211205 15:02:48.472"/>
</kw>
<kw name="Welcome page should be open" library="loginPage">
<kw name="Title Should Be" library="SeleniumLibrary">
<arg>Swag Labs</arg>
<doc>Verifies that the current page title equals ``title``.</doc>
<msg timestamp="20211205 15:02:48.605" level="INFO">Page title is 'Swag Labs'.</msg>
<status status="PASS" starttime="20211205 15:02:48.473" endtime="20211205 15:02:48.605"/>
</kw>
<status status="PASS" starttime="20211205 15:02:48.473" endtime="20211205 15:02:48.605"/>
</kw>
<kw name="Close browser" library="loginPage" type="TEARDOWN">
<kw name="Close All Browsers" library="SeleniumLibrary">
<doc>Closes all open browsers and resets the browser cache.</doc>
<status status="PASS" starttime="20211205 15:02:48.606" endtime="20211205 15:02:49.572"/>
</kw>
<status status="PASS" starttime="20211205 15:02:48.606" endtime="20211205 15:02:49.572"/>
</kw>
<status status="PASS" starttime="20211205 15:02:15.834" endtime="20211205 15:02:49.572"/>
</test>
<test id="s1-s1-t2" name="User can't login with empty fields">
<kw name="open browser to login page" library="loginPage" type="SETUP">
<kw name="Open Browser" library="SeleniumLibrary">
<arg>${LOGIN URL}</arg>
<arg>${BROWSER}</arg>
<doc>Opens a new browser instance to the optional ``url``.</doc>
<msg timestamp="20211205 15:02:49.702" level="INFO">Opening browser 'Chrome' to base url 'https://www.saucedemo.com/'.</msg>
<status status="PASS" starttime="20211205 15:02:49.685" endtime="20211205 15:03:00.099"/>
</kw>
<kw name="Title Should Be" library="SeleniumLibrary">
<arg>Swag Labs</arg>
<doc>Verifies that the current page title equals ``title``.</doc>
<msg timestamp="20211205 15:03:00.112" level="INFO">Page title is 'Swag Labs'.</msg>
<status status="PASS" starttime="20211205 15:03:00.101" endtime="20211205 15:03:00.113"/>
</kw>
<status status="PASS" starttime="20211205 15:02:49.683" endtime="20211205 15:03:00.113"/>
</kw>
<kw name="Submit Credentials" library="loginPage">
<kw name="Click Button" library="SeleniumLibrary">
<arg>login-button</arg>
<doc>Clicks the button identified by ``locator``.</doc>
<msg timestamp="20211205 15:03:00.115" level="INFO">Clicking button 'login-button'.</msg>
<status status="PASS" starttime="20211205 15:03:00.114" endtime="20211205 15:03:00.249"/>
</kw>
<status status="PASS" starttime="20211205 15:03:00.113" endtime="20211205 15:03:00.249"/>
</kw>
<kw name="Error message should be displayed" library="loginPage">
<arg>${EMPTY USERNAME FIELD ERROR}</arg>
<kw name="Element Text Should Be" library="SeleniumLibrary">
<arg>${ERROR LABEL}</arg>
<arg>${ERROR TEXT}</arg>
<doc>Verifies that element ``locator`` contains exact the text ``expected``.</doc>
<msg timestamp="20211205 15:03:00.251" level="INFO">Verifying element 'css=h3[data-test="error"]' contains exact text 'Epic sadface: Username is required'.</msg>
<status status="PASS" starttime="20211205 15:03:00.251" endtime="20211205 15:03:00.366"/>
</kw>
<status status="PASS" starttime="20211205 15:03:00.249" endtime="20211205 15:03:00.367"/>
</kw>
<kw name="Close browser" library="loginPage" type="TEARDOWN">
<kw name="Close All Browsers" library="SeleniumLibrary">
<doc>Closes all open browsers and resets the browser cache.</doc>
<status status="PASS" starttime="20211205 15:03:00.368" endtime="20211205 15:03:00.741"/>
</kw>
<status status="PASS" starttime="20211205 15:03:00.367" endtime="20211205 15:03:00.742"/>
</kw>
<status status="PASS" starttime="20211205 15:02:49.682" endtime="20211205 15:03:00.742"/>
</test>
<test id="s1-s1-t3" name="User can't login with empty password field">
<kw name="open browser to login page" library="loginPage" type="SETUP">
<kw name="Open Browser" library="SeleniumLibrary">
<arg>${LOGIN URL}</arg>
<arg>${BROWSER}</arg>
<doc>Opens a new browser instance to the optional ``url``.</doc>
<msg timestamp="20211205 15:03:00.745" level="INFO">Opening browser 'Chrome' to base url 'https://www.saucedemo.com/'.</msg>
<status status="PASS" starttime="20211205 15:03:00.744" endtime="20211205 15:03:06.592"/>
</kw>
<kw name="Title Should Be" library="SeleniumLibrary">
<arg>Swag Labs</arg>
<doc>Verifies that the current page title equals ``title``.</doc>
<msg timestamp="20211205 15:03:06.601" level="INFO">Page title is 'Swag Labs'.</msg>
<status status="PASS" starttime="20211205 15:03:06.593" endtime="20211205 15:03:06.601"/>
</kw>
<status status="PASS" starttime="20211205 15:03:00.743" endtime="20211205 15:03:06.602"/>
</kw>
<kw name="input username" library="loginPage">
<arg>${STANDART_USER}</arg>
<kw name="Input Text" library="SeleniumLibrary">
<arg>user-name</arg>
<arg>${USER_NAME}</arg>
<doc>Types the given ``text`` into the text field identified by ``locator``.</doc>
<msg timestamp="20211205 15:03:06.607" level="INFO">Typing text 'standard_user' into text field 'user-name'.</msg>
<status status="PASS" starttime="20211205 15:03:06.603" endtime="20211205 15:03:06.981"/>
</kw>
<status status="PASS" starttime="20211205 15:03:06.602" endtime="20211205 15:03:06.981"/>
</kw>
<kw name="Submit Credentials" library="loginPage">
<kw name="Click Button" library="SeleniumLibrary">
<arg>login-button</arg>
<doc>Clicks the button identified by ``locator``.</doc>
<msg timestamp="20211205 15:03:06.982" level="INFO">Clicking button 'login-button'.</msg>
<status status="PASS" starttime="20211205 15:03:06.982" endtime="20211205 15:03:07.097"/>
</kw>
<status status="PASS" starttime="20211205 15:03:06.981" endtime="20211205 15:03:07.097"/>
</kw>
<kw name="Error message should be displayed" library="loginPage">
<arg>${EMPTY PASSWORD FIELD ERROR}</arg>
<kw name="Element Text Should Be" library="SeleniumLibrary">
<arg>${ERROR LABEL}</arg>
<arg>${ERROR TEXT}</arg>
<doc>Verifies that element ``locator`` contains exact the text ``expected``.</doc>
<msg timestamp="20211205 15:03:07.099" level="INFO">Verifying element 'css=h3[data-test="error"]' contains exact text 'Epic sadface: Password is required'.</msg>
<status status="PASS" starttime="20211205 15:03:07.098" endtime="20211205 15:03:07.141"/>
</kw>
<status status="PASS" starttime="20211205 15:03:07.098" endtime="20211205 15:03:07.142"/>
</kw>
<kw name="Close browser" library="loginPage" type="TEARDOWN">
<kw name="Close All Browsers" library="SeleniumLibrary">
<doc>Closes all open browsers and resets the browser cache.</doc>
<status status="PASS" starttime="20211205 15:03:07.143" endtime="20211205 15:03:07.519"/>
</kw>
<status status="PASS" starttime="20211205 15:03:07.142" endtime="20211205 15:03:07.520"/>
</kw>
<status status="PASS" starttime="20211205 15:03:00.743" endtime="20211205 15:03:07.520"/>
</test>
<test id="s1-s1-t4" name="User can't login with invalid user password data">
<kw name="open browser to login page" library="loginPage" type="SETUP">
<kw name="Open Browser" library="SeleniumLibrary">
<arg>${LOGIN URL}</arg>
<arg>${BROWSER}</arg>
<doc>Opens a new browser instance to the optional ``url``.</doc>
<msg timestamp="20211205 15:03:07.523" level="INFO">Opening browser 'Chrome' to base url 'https://www.saucedemo.com/'.</msg>
<status status="PASS" starttime="20211205 15:03:07.522" endtime="20211205 15:03:12.123"/>
</kw>
<kw name="Title Should Be" library="SeleniumLibrary">
<arg>Swag Labs</arg>
<doc>Verifies that the current page title equals ``title``.</doc>
<msg timestamp="20211205 15:03:12.151" level="INFO">Page title is 'Swag Labs'.</msg>
<status status="PASS" starttime="20211205 15:03:12.123" endtime="20211205 15:03:12.151"/>
</kw>
<status status="PASS" starttime="20211205 15:03:07.522" endtime="20211205 15:03:12.152"/>
</kw>
<kw name="input username" library="loginPage">
<arg>${STANDART_USER}</arg>
<kw name="Input Text" library="SeleniumLibrary">
<arg>user-name</arg>
<arg>${USER_NAME}</arg>
<doc>Types the given ``text`` into the text field identified by ``locator``.</doc>
<msg timestamp="20211205 15:03:12.154" level="INFO">Typing text 'standard_user' into text field 'user-name'.</msg>
<status status="PASS" starttime="20211205 15:03:12.153" endtime="20211205 15:03:12.377"/>
</kw>
<status status="PASS" starttime="20211205 15:03:12.152" endtime="20211205 15:03:12.377"/>
</kw>
<kw name="input password" library="loginPage">
<arg>${INVALID_PASWORD}</arg>
<kw name="Input Text" library="SeleniumLibrary">
<arg>password</arg>
<arg>${USER_PASS}</arg>
<doc>Types the given ``text`` into the text field identified by ``locator``.</doc>
<msg timestamp="20211205 15:03:12.379" level="INFO">Typing text 'invalid_sauce' into text field 'password'.</msg>
<status status="PASS" starttime="20211205 15:03:12.378" endtime="20211205 15:03:12.574"/>
</kw>
<status status="PASS" starttime="20211205 15:03:12.377" endtime="20211205 15:03:12.574"/>
</kw>
<kw name="Submit Credentials" library="loginPage">
<kw name="Click Button" library="SeleniumLibrary">
<arg>login-button</arg>
<doc>Clicks the button identified by ``locator``.</doc>
<msg timestamp="20211205 15:03:12.576" level="INFO">Clicking button 'login-button'.</msg>
<status status="PASS" starttime="20211205 15:03:12.575" endtime="20211205 15:03:12.697"/>
</kw>
<status status="PASS" starttime="20211205 15:03:12.574" endtime="20211205 15:03:12.698"/>
</kw>
<kw name="Error message should be displayed" library="loginPage">
<arg>${USERNAME PASSWORD MISMATCH ERROR}</arg>
<kw name="Element Text Should Be" library="SeleniumLibrary">
<arg>${ERROR LABEL}</arg>
<arg>${ERROR TEXT}</arg>
<doc>Verifies that element ``locator`` contains exact the text ``expected``.</doc>
<msg timestamp="20211205 15:03:12.700" level="INFO">Verifying element 'css=h3[data-test="error"]' contains exact text 'Epic sadface: Username and password do not match any user in this service'.</msg>
<status status="PASS" starttime="20211205 15:03:12.699" endtime="20211205 15:03:12.746"/>
</kw>
<status status="PASS" starttime="20211205 15:03:12.698" endtime="20211205 15:03:12.747"/>
</kw>
<kw name="Close browser" library="loginPage" type="TEARDOWN">
<kw name="Close All Browsers" library="SeleniumLibrary">
<doc>Closes all open browsers and resets the browser cache.</doc>
<status status="PASS" starttime="20211205 15:03:12.748" endtime="20211205 15:03:12.896"/>
</kw>
<status status="PASS" starttime="20211205 15:03:12.747" endtime="20211205 15:03:12.896"/>
</kw>
<status status="PASS" starttime="20211205 15:03:07.521" endtime="20211205 15:03:12.896"/>
</test>
<test id="s1-s1-t5" name="Login when locked out user">
<kw name="open browser to login page" library="loginPage" type="SETUP">
<kw name="Open Browser" library="SeleniumLibrary">
<arg>${LOGIN URL}</arg>
<arg>${BROWSER}</arg>
<doc>Opens a new browser instance to the optional ``url``.</doc>
<msg timestamp="20211205 15:03:12.902" level="INFO">Opening browser 'Chrome' to base url 'https://www.saucedemo.com/'.</msg>
<status status="PASS" starttime="20211205 15:03:12.901" endtime="20211205 15:03:15.725"/>
</kw>
<kw name="Title Should Be" library="SeleniumLibrary">
<arg>Swag Labs</arg>
<doc>Verifies that the current page title equals ``title``.</doc>
<msg timestamp="20211205 15:03:15.742" level="INFO">Page title is 'Swag Labs'.</msg>
<status status="PASS" starttime="20211205 15:03:15.725" endtime="20211205 15:03:15.742"/>
</kw>
<status status="PASS" starttime="20211205 15:03:12.899" endtime="20211205 15:03:15.743"/>
</kw>
<kw name="input username" library="loginPage">
<arg>${locked_user}</arg>
<kw name="Input Text" library="SeleniumLibrary">
<arg>user-name</arg>
<arg>${USER_NAME}</arg>
<doc>Types the given ``text`` into the text field identified by ``locator``.</doc>
<msg timestamp="20211205 15:03:15.746" level="INFO">Typing text 'locked_out_user' into text field 'user-name'.</msg>
<status status="PASS" starttime="20211205 15:03:15.745" endtime="20211205 15:03:15.976"/>
</kw>
<status status="PASS" starttime="20211205 15:03:15.743" endtime="20211205 15:03:15.976"/>
</kw>
<kw name="input password" library="loginPage">
<arg>${password}</arg>
<kw name="Input Text" library="SeleniumLibrary">
<arg>password</arg>
<arg>${USER_PASS}</arg>
<doc>Types the given ``text`` into the text field identified by ``locator``.</doc>
<msg timestamp="20211205 15:03:15.978" level="INFO">Typing text 'secret_sauce' into text field 'password'.</msg>
<status status="PASS" starttime="20211205 15:03:15.978" endtime="20211205 15:03:16.163"/>
</kw>
<status status="PASS" starttime="20211205 15:03:15.977" endtime="20211205 15:03:16.164"/>
</kw>
<kw name="Submit Credentials" library="loginPage">
<kw name="Click Button" library="SeleniumLibrary">
<arg>login-button</arg>
<doc>Clicks the button identified by ``locator``.</doc>
<msg timestamp="20211205 15:03:16.165" level="INFO">Clicking button 'login-button'.</msg>
<status status="PASS" starttime="20211205 15:03:16.165" endtime="20211205 15:03:16.308"/>
</kw>
<status status="PASS" starttime="20211205 15:03:16.164" endtime="20211205 15:03:16.308"/>
</kw>
<kw name="Error message should be displayed" library="loginPage">
<arg>${LOCKED_USER_ERROR_MESSAGE}</arg>
<kw name="Element Text Should Be" library="SeleniumLibrary">
<arg>${ERROR LABEL}</arg>
<arg>${ERROR TEXT}</arg>
<doc>Verifies that element ``locator`` contains exact the text ``expected``.</doc>
<msg timestamp="20211205 15:03:16.311" level="INFO">Verifying element 'css=h3[data-test="error"]' contains exact text 'Epic sadface: Sorry, this user has been locked out.'.</msg>
<status status="PASS" starttime="20211205 15:03:16.310" endtime="20211205 15:03:16.357"/>
</kw>
<status status="PASS" starttime="20211205 15:03:16.309" endtime="20211205 15:03:16.358"/>
</kw>
<kw name="Close browser" library="loginPage" type="TEARDOWN">
<kw name="Close All Browsers" library="SeleniumLibrary">
<doc>Closes all open browsers and resets the browser cache.</doc>
<status status="PASS" starttime="20211205 15:03:16.359" endtime="20211205 15:03:16.833"/>
</kw>
<status status="PASS" starttime="20211205 15:03:16.358" endtime="20211205 15:03:16.833"/>
</kw>
<status status="PASS" starttime="20211205 15:03:12.898" endtime="20211205 15:03:16.833"/>
</test>
<test id="s1-s1-t6" name="Login with problem user">
<kw name="open browser to login page" library="loginPage" type="SETUP">
<kw name="Open Browser" library="SeleniumLibrary">
<arg>${LOGIN URL}</arg>
<arg>${BROWSER}</arg>
<doc>Opens a new browser instance to the optional ``url``.</doc>
<msg timestamp="20211205 15:03:16.836" level="INFO">Opening browser 'Chrome' to base url 'https://www.saucedemo.com/'.</msg>
<status status="PASS" starttime="20211205 15:03:16.836" endtime="20211205 15:03:19.854"/>
</kw>
<kw name="Title Should Be" library="SeleniumLibrary">
<arg>Swag Labs</arg>
<doc>Verifies that the current page title equals ``title``.</doc>
<msg timestamp="20211205 15:03:19.873" level="INFO">Page title is 'Swag Labs'.</msg>
<status status="PASS" starttime="20211205 15:03:19.855" endtime="20211205 15:03:19.873"/>
</kw>
<status status="PASS" starttime="20211205 15:03:16.835" endtime="20211205 15:03:19.874"/>
</kw>
<kw name="input username" library="loginPage">
<arg>${problem_user}</arg>
<kw name="Input Text" library="SeleniumLibrary">
<arg>user-name</arg>
<arg>${USER_NAME}</arg>
<doc>Types the given ``text`` into the text field identified by ``locator``.</doc>
<msg timestamp="20211205 15:03:19.876" level="INFO">Typing text 'problem_user' into text field 'user-name'.</msg>
<status status="PASS" starttime="20211205 15:03:19.876" endtime="20211205 15:03:20.092"/>
</kw>
<status status="PASS" starttime="20211205 15:03:19.875" endtime="20211205 15:03:20.092"/>
</kw>
<kw name="input password" library="loginPage">
<arg>${PASSWORD}</arg>
<kw name="Input Text" library="SeleniumLibrary">
<arg>password</arg>
<arg>${USER_PASS}</arg>
<doc>Types the given ``text`` into the text field identified by ``locator``.</doc>
<msg timestamp="20211205 15:03:20.094" level="INFO">Typing text 'secret_sauce' into text field 'password'.</msg>
<status status="PASS" starttime="20211205 15:03:20.093" endtime="20211205 15:03:20.294"/>
</kw>
<status status="PASS" starttime="20211205 15:03:20.093" endtime="20211205 15:03:20.294"/>
</kw>
<kw name="Submit Credentials" library="loginPage">
<kw name="Click Button" library="SeleniumLibrary">
<arg>login-button</arg>
<doc>Clicks the button identified by ``locator``.</doc>
<msg timestamp="20211205 15:03:20.295" level="INFO">Clicking button 'login-button'.</msg>
<status status="PASS" starttime="20211205 15:03:20.295" endtime="20211205 15:03:20.793"/>
</kw>
<status status="PASS" starttime="20211205 15:03:20.294" endtime="20211205 15:03:20.794"/>
</kw>
<kw name="open page with problem image">
<arg>${IMG_PROBLEM}</arg>
<msg timestamp="20211205 15:03:20.800" level="FAIL">No keyword with name 'open page with problem image' found.</msg>
<status status="FAIL" starttime="20211205 15:03:20.800" endtime="20211205 15:03:21.029"/>
</kw>
<kw name="Close browser" library="loginPage" type="TEARDOWN">
<kw name="Close All Browsers" library="SeleniumLibrary">
<doc>Closes all open browsers and resets the browser cache.</doc>
<status status="PASS" starttime="20211205 15:03:21.241" endtime="20211205 15:03:21.509"/>
</kw>
<status status="PASS" starttime="20211205 15:03:21.240" endtime="20211205 15:03:21.509"/>
</kw>
<status status="FAIL" starttime="20211205 15:03:16.834" endtime="20211205 15:03:21.509">No keyword with name 'open page with problem image' found.</status>
</test>
<test id="s1-s1-t7" name="Delay in authorization with perfomance glitch user">
<kw name="open browser to login page" library="loginPage" type="SETUP">
<kw name="Open Browser" library="SeleniumLibrary">
<arg>${LOGIN URL}</arg>
<arg>${BROWSER}</arg>
<doc>Opens a new browser instance to the optional ``url``.</doc>
<msg timestamp="20211205 15:03:21.513" level="INFO">Opening browser 'Chrome' to base url 'https://www.saucedemo.com/'.</msg>
<status status="PASS" starttime="20211205 15:03:21.512" endtime="20211205 15:03:24.339"/>
</kw>
<kw name="Title Should Be" library="SeleniumLibrary">
<arg>Swag Labs</arg>
<doc>Verifies that the current page title equals ``title``.</doc>
<msg timestamp="20211205 15:03:24.361" level="INFO">Page title is 'Swag Labs'.</msg>
<status status="PASS" starttime="20211205 15:03:24.339" endtime="20211205 15:03:24.361"/>
</kw>
<status status="PASS" starttime="20211205 15:03:21.511" endtime="20211205 15:03:24.362"/>
</kw>
<kw name="input username" library="loginPage">
<arg>${PERFOMANCE_GLITCH_USER}</arg>
<kw name="Input Text" library="SeleniumLibrary">
<arg>user-name</arg>
<arg>${USER_NAME}</arg>
<doc>Types the given ``text`` into the text field identified by ``locator``.</doc>
<msg timestamp="20211205 15:03:24.363" level="INFO">Typing text 'performance_glitch_user' into text field 'user-name'.</msg>
<status status="PASS" starttime="20211205 15:03:24.363" endtime="20211205 15:03:24.634"/>
</kw>
<status status="PASS" starttime="20211205 15:03:24.362" endtime="20211205 15:03:24.634"/>
</kw>
<kw name="input password" library="loginPage">
<arg>${PASSWORD}</arg>
<kw name="Input Text" library="SeleniumLibrary">
<arg>password</arg>
<arg>${USER_PASS}</arg>
<doc>Types the given ``text`` into the text field identified by ``locator``.</doc>
<msg timestamp="20211205 15:03:24.637" level="INFO">Typing text 'secret_sauce' into text field 'password'.</msg>
<status status="PASS" starttime="20211205 15:03:24.636" endtime="20211205 15:03:24.821"/>
</kw>
<status status="PASS" starttime="20211205 15:03:24.634" endtime="20211205 15:03:24.821"/>
</kw>
<kw name="Submit Credentials" library="loginPage">
<kw name="Click Button" library="SeleniumLibrary">
<arg>login-button</arg>
<doc>Clicks the button identified by ``locator``.</doc>
<msg timestamp="20211205 15:03:24.822" level="INFO">Clicking button 'login-button'.</msg>
<status status="PASS" starttime="20211205 15:03:24.822" endtime="20211205 15:03:30.149"/>
</kw>
<status status="PASS" starttime="20211205 15:03:24.821" endtime="20211205 15:03:30.150"/>
</kw>
<kw name="Welcome page should be open" library="loginPage">
<kw name="Title Should Be" library="SeleniumLibrary">
<arg>Swag Labs</arg>
<doc>Verifies that the current page title equals ``title``.</doc>
<msg timestamp="20211205 15:03:30.271" level="INFO">Page title is 'Swag Labs'.</msg>
<status status="PASS" starttime="20211205 15:03:30.151" endtime="20211205 15:03:30.271"/>
</kw>
<status status="PASS" starttime="20211205 15:03:30.150" endtime="20211205 15:03:30.272"/>
</kw>
<kw name="Close browser" library="loginPage" type="TEARDOWN">
<kw name="Close All Browsers" library="SeleniumLibrary">
<doc>Closes all open browsers and resets the browser cache.</doc>
<status status="PASS" starttime="20211205 15:03:30.274" endtime="20211205 15:03:32.243"/>
</kw>
<status status="PASS" starttime="20211205 15:03:30.273" endtime="20211205 15:03:32.244"/>
</kw>
<status status="PASS" starttime="20211205 15:03:21.510" endtime="20211205 15:03:32.244"/>
</test>
<doc>Simple example</doc>
<status status="FAIL" starttime="20211205 15:02:14.655" endtime="20211205 15:03:32.246"/>
</suite>
<status status="FAIL" starttime="20211205 15:02:14.539" endtime="20211205 15:03:32.340"/>
</suite>
<statistics>
<total>
<stat pass="6" fail="1" skip="0">All Tests</stat>
</total>
<tag>
</tag>
<suite>
<stat pass="6" fail="1" skip="0" id="s1" name="Saucedemo">Saucedemo</stat>
<stat pass="6" fail="1" skip="0" id="s1-s1" name="loginPageTest">Saucedemo.loginPageTest</stat>
</suite>
</statistics>
<errors>
</errors>
</robot>
